reset_timestep 0

unfix 4
fix 4 gpCTbd move linear -$v 0 0 units box  # cutting speed = v * 100 (m s^-1 in the x-direction)
fix 4 gpCTbd move linear -2.0 0 0 units box  

# Output strain and stress info to file
# for units metal, pressure is in [bars] = 100 [kPa] = 1/10000 [GPa]
# p2, p3, p4 are in GPa


dump	 0dumpCSP all custom  500 ${respath}/dump.cutsic.*.lammpstrj id type mol x y z vx vy vz f_12
dump	 0dumpCSP all custom  500 eq_fix2_2.0x100_m_s-1_Groove6T0.5_SiC_EA/dump.cutsic.*.lammpstrj id type mol x y z vx vy vz f_12
  #c_atomdisp[4] c_atomstres[1] c_atomstres[2] c_atomstres[3] c_atomstres[4] c_atomstres[5] c_atomstres[6]
dump_modify 0dumpCSP element C Si C

write_restart cut_sic_re_eq.0000.restart
No /omp style for force computation currently active
WARNING: One or more atoms are time integrated more than once (../modify_cuda.cpp:225)
restart 10000 ${respath}/restart_files/cut_sic.*.restart
restart 10000 eq_fix2_2.0x100_m_s-1_Groove6T0.5_SiC_EA/restart_files/cut_sic.*.restart

# For the cutting advancement of 20 nm
variable Nstep equal ceil(400000/$v)
variable Nstep equal ceil(400000/2.0)
run ${Nstep}
run 200000
No /omp style for force computation currently active
WARNING: One or more atoms are time integrated more than once (../modify_cuda.cpp:225)
Memory usage per processor = 78.7181 Mbytes
Step myCTtemp myWPtemp Press TotEng Fmax Fnorm 
       0    307.27012    376.39891   -1823.4486   -1020645.7    8.4664927    757.16301 
WARNING: # CUDA: You asked for a Verlet integration using Cuda, but several fixes have not yet been ported to Cuda.
This can cause a severe speed penalty due to frequent data synchronization between host and GPU. (../verlet_cuda.cpp:632)
     500    303.95629    377.18005    723.75153     -1020551    8.8948716    759.30465 
    1000    305.92377    377.62589    4013.2603   -1020498.5    11.835061    766.15893 
    1500    298.62717    380.73265    6835.8649   -1020449.2    9.1921669    765.73599 
    2000    295.09694    378.97584    9759.1971   -1020357.3     8.287533    771.76892 
    2500    296.77944     383.0339    10457.512   -1020277.1    10.211248     771.4692 
    3000    298.60206    381.78926     9394.001   -1020176.4    8.5574645     773.9569 
    3500     303.0453    380.34387    8446.4118   -1020037.2    8.9341179    771.79639 
    4000    300.86873    380.71087    9750.4415   -1019907.5    10.733204     777.8226 
    4500    309.44369    382.94431    11564.056   -1019753.6    9.3811955    781.01447 
    5000    310.65243     386.5349    15212.323   -1019580.5     9.901059    789.29147 
    5500    312.05101    388.83637    20458.744   -1019363.1    11.622254    798.66007 
    6000    315.91613    390.46639    24833.146   -1019113.9     10.44108    808.36613 
    6500    312.61138    389.85672    27944.208   -1018851.1    11.530724    818.76747 
    7000    316.47764    392.46381    29485.094   -1018546.8    10.974459    822.69056 
    7500    324.09259    392.62688     28506.57   -1018220.2    9.9146336    825.67182 
    8000    325.52708    394.71117    29516.748   -1017861.6    11.681308    829.97359 
    8500      328.986    393.36956    31779.852   -1017509.7    11.664292     840.4486 
    9000     338.1918    394.57824    33420.838   -1017130.8    10.797089    846.57321 
    9500    347.93915    401.15943    38305.446   -1016720.8     13.26523    855.75183 
   10000    350.42602    401.19623    44417.014   -1016292.8    12.458321     872.3327 
   10500    347.70636    403.12269    49315.616   -1015834.2    13.451777    880.51447 
   11000    343.05319    406.64432     54157.23   -1015287.9    12.688874    890.87848 
   11500    341.12224    407.46783     56074.39   -1014725.5    13.543877    898.20667 
   12000    342.60468    408.96176    56443.341   -1014119.4    13.131917    897.04878 
   12500    351.50874    409.89066    57466.223   -1013457.8    11.893085     898.6742 
   13000    349.19748     413.3322     57874.81     -1012839    14.290179    902.27343 
   13500    362.75295    413.77245    61527.881   -1012214.1    19.787858    913.69006 
   14000    373.72433    417.56516    63965.985   -1011588.4    18.125838    921.63623 
   14500    387.02922    424.29264    62527.427   -1010953.3    14.331788    918.76011 
   15000    402.56142    445.06772    62507.657     -1010310    17.261458    930.73599 
   15500    467.19459    482.27409      58406.4   -1009714.7     15.69091    950.75801 
   16000    599.87637    522.25844     50329.34   -1009280.5    26.947103    969.91706 
   16500    685.56256    538.64454    41831.038   -1009017.5    18.544083    968.48455 
   17000    761.09415    543.95847    38655.116   -1008858.1    20.925096    982.17348 
   17500    788.79673    545.63306    39747.332   -1008736.7    27.280347    1000.9815 
   18000    767.63916    550.96288    43909.362     -1008682    20.226353    1020.3109 
   18500    753.85375     553.2825    44993.515   -1008635.7    19.708549    1016.9032 
   19000    709.98213    555.22401    45466.914   -1008588.6    28.598534    1008.5647 
   19500    654.00198    547.01337    46896.454   -1008521.9    20.466849    1010.1132 
   20000    630.44103    538.64896    47853.301   -1008398.5    17.072491     1003.992 
   20500    591.69909     543.9229    50563.727   -1008240.2    18.869369    1007.6007 
   21000    567.41995    541.49936    51257.419   -1008026.4    20.339975    1010.6506 
   21500    535.59994    543.93435     55892.36   -1007750.5    17.479358    1019.2701 
   22000    526.34052    547.29535    59429.852   -1007416.6     20.18751     1024.219 
   22500    538.51938    551.50862     60011.05   -1007074.8    18.133669     1029.256 
   23000    547.82263       559.75    60610.646     -1006735    19.607044    1038.4443 
   23500    564.83489    562.20996    59645.926   -1006417.6    23.448178    1042.1113 
   24000    561.21033    561.08786    59526.929   -1006127.4    20.039794     1044.572 
   24500    551.28832    561.55151     58449.19     -1005849    22.873827    1046.0849 
   25000    540.13145    560.75314    56557.399   -1005545.4    15.291033     1037.571 
   25500    552.39222    562.43501    59144.018   -1005219.4    20.668684    1048.6902 
   26000    547.34215    567.31693    64125.204     -1004876    24.496354    1062.3902 
   26500      530.325    567.87489    67127.739   -1004506.1    23.161042     1067.961 
   27000    549.32021    576.67125      68768.4   -1004143.8    21.558411    1075.6591 
   27500     546.3536    579.96926    67241.587     -1003799     20.41578    1076.5609 
   28000    568.49679    583.32099    65255.176   -1003440.1    20.149466    1074.5892 
   28500    567.20553    583.79805    64153.503   -1003111.4    23.315106    1078.0894 
   29000      568.858    590.53544    64507.028   -1002784.3    20.083772    1077.6641 
   29500    559.62235    597.13755    65866.417     -1002489    21.182085    1086.4463 
   30000      573.905    606.56574    67495.652   -1002212.9    21.898317    1098.2494 
   30500    581.53229    612.09702    64505.635   -1001937.5    21.772877     1093.268 
   31000    581.27224    617.47062    62228.046   -1001657.7    22.225479    1097.3604 
   31500    590.00689    624.62274    61270.749   -1001409.6    24.302741    1105.6634 
   32000    595.56823    628.45834    61804.027     -1001167    30.808106    1116.8284 
   32500    585.59201    634.35846    63952.966     -1000938    17.166037    1122.1543 
   33000    573.93939    642.28256    65787.904   -1000679.9    25.731911    1124.5491 
   33500    584.35568    644.42173    66465.718   -1000417.9    34.517157    1126.5999 
   34000    586.64688    645.96628    65889.692   -1000163.4    20.801143    1124.4485 
   34500    600.82439    651.05775    63930.251    -999910.7    22.051009    1124.4528 
   35000    586.34559    653.68136    61847.363   -999673.26    18.820834     1120.588 
   35500    575.02013    654.77774    60667.275    -999426.6    26.656081    1127.0206 
   36000     564.7794    657.78951    61088.905   -999191.79      19.4143    1132.3751 
   36500    564.74426     660.8045    62238.129   -998952.41    18.943802    1138.3824 
   37000    576.24258    665.29112     62247.42   -998681.94    20.723939    1140.7687 
   37500     571.4121    671.04054    62684.605   -998435.75    19.443616    1140.8929 
   38000    566.74454    687.53408    61705.304   -998187.94    20.535354    1142.7507 
   38500    575.28899    707.53951    59433.346   -997959.84    23.507132    1144.4918 
   39000    573.57055    737.49799    55549.448   -997839.92     20.63842    1149.3016 
   39500    587.67613    753.21949    49519.509   -997807.84    21.219152    1145.4711 
   40000    603.25266     766.3198    45485.665   -997778.88    25.644547    1149.4034 
   40500    621.40048    770.77217    43799.381   -997765.05    23.373406    1156.7796 
   41000     623.1059    767.95698    43692.299   -997742.21    27.697341    1160.0234 
   41500    627.85625    769.51438    45227.218   -997754.08    23.900282    1166.4413 
   42000    640.19432    781.55821    47781.611   -997772.69    28.301608    1165.9844 
   42500    627.13944     777.5527    49143.126   -997814.12    29.860637     1172.135 
   43000    630.64599    772.09536    49530.101   -997854.43    20.954692    1171.3104 
   43500    617.44574    770.86958    49367.105   -997866.42    25.826039    1174.7641 
   44000    617.89784    764.55149    47408.707   -997852.13    28.922822    1177.6405 
   44500    601.28247    756.20209    46589.584   -997824.18    23.961968    1173.8463 
   45000    595.39686    754.21441    47138.255   -997752.95    25.942647    1174.6101 
   45500     591.9374    759.67927    49083.742   -997703.77    20.256334    1177.4572 
   46000    589.83694    764.34938    52076.715   -997617.48    19.393295    1176.6237 
   46500    586.87429    756.15726    55993.838   -997533.57    19.729845    1185.7325 
   47000    574.19215     751.9611    58515.175   -997421.31    21.925735    1194.5354 
   47500    563.90674    752.27403    59993.113   -997293.56    20.638347    1194.7886 
   48000    557.70342    752.99665    58055.349   -997134.87    22.312235    1187.5243 
   48500    548.07827    744.68473    55738.912   -996930.13    24.211716    1183.6963 
   49000    555.60847    743.55098    55126.229   -996714.86    25.807394    1180.8639 
   49500    562.60761    742.17482    55109.392   -996526.26    25.947259    1182.4137 
   50000    551.84319    740.58457    57574.961   -996328.31     24.59663    1188.0247 
   50500    549.66534    754.95032    61296.196   -996131.65    24.587662    1191.2241 
   51000    552.85702    751.05366    65340.234   -995891.12    22.235201    1205.2075 
   51500    551.43289    746.16739    67705.561   -995651.15    23.161191    1212.6524 
   52000    554.69659    751.17393    67555.943   -995380.89    21.110407    1219.3303 
   52500    550.25974     752.1461    65541.594   -995101.47    31.580399    1217.7702 
   53000    568.01836    748.18313      62359.8   -994826.49    23.871562    1209.1051 
   53500    589.38407    748.91907    61243.076   -994542.09    28.417151    1207.1711 
   54000     584.7748    746.88106    63037.238   -994299.31    25.189724    1215.4553 
   54500    573.58173    754.86248    66842.079   -994048.38    24.396169    1224.0853 
   55000    571.57414     753.0783    70319.541   -993778.52    21.021673    1233.1325 
   55500    574.45773    750.10061    72035.391   -993471.22    26.230347    1230.9994 
   56000    572.36326    758.47849    73533.932    -993156.4    19.001082     1234.492 
   56500    574.26378    756.98604    73161.212   -992832.17    22.886402    1241.8499 
   57000    584.47003    754.76961     71052.21   -992513.74    19.741387    1237.3337 
   57500    576.99059    757.70961    69682.583   -992200.16    20.131993    1236.9232 
   58000    583.34942     759.3025    70160.965   -991867.45    23.030712    1237.0334 
   58500    578.06359    760.15507    70687.343    -991566.3    20.504628    1239.2533 
   59000    578.18203    767.86625    72156.933   -991244.18    21.387141    1245.0185 
   59500    576.60635    771.71791    73187.808   -990946.64    23.393267    1247.0135 
   60000    594.38555    779.86535    76029.508    -990627.1     20.70209    1258.9689 
   60500    585.53403    778.68036    74505.573   -990286.55    28.447565    1261.9794 
   61000    589.84965    784.65678    73498.675   -989970.91    19.146473     1264.963 
   61500    590.88292    788.44888    72008.467   -989672.92    22.577596    1257.3896 
   62000    588.82686     785.5939    71943.077   -989382.58    29.756992    1260.0043 
   62500    582.44739     787.5286    70740.968   -989075.66    22.668106    1252.7722 
   63000    584.72866    798.37963    71210.587   -988779.41    25.181289    1256.4308 
   63500    594.35352     790.5018    70904.883    -988492.5    20.862309    1256.9402 
   64000    580.59107    806.02566    71649.671   -988182.22    24.633524    1261.6233 
   64500    578.78907      814.649    72027.468    -987891.9    23.440402    1269.8484 
   65000    595.51011    828.10578    70407.882   -987592.27    22.441006    1266.9413 
   65500    588.43137    832.42027    69187.046   -987304.93    28.458181    1275.0524 
   66000    600.57961    841.34574    67319.943   -987022.69    22.271424    1274.4633 
   66500    600.85885    844.71434    65427.749   -986775.05    23.934935    1276.7678 
   67000    600.73547     848.3281    64463.685   -986531.96    22.052401    1276.0008 
   67500    598.05765    851.48292    63731.465   -986312.14     28.99618    1273.3237 
   68000    596.19257    861.85482    64695.461   -986087.52    23.382211    1277.1177 
   68500    603.05729    871.78829    64618.673   -985905.11    25.037869    1287.7923 
   69000    587.16635    875.30754    64564.429   -985723.07    21.130452    1296.1006 
   69500    575.10683    877.49617     63883.74   -985515.29    22.596936    1293.2067 
   70000    576.60699    877.29835    61810.624   -985289.13    28.590101     1286.991 
   70500    574.82121    880.28861    62243.693    -985074.2    21.559153    1292.3583 
   71000    575.95728    879.94527    62589.136   -984843.34    20.596308    1288.8828 
   71500    563.70914    881.77565     63829.44   -984596.86    27.949046    1297.3705 
   72000    565.90251    882.52693    64933.561   -984355.11    24.672399    1299.5208 
   72500    552.65215    883.53422    66389.573   -984083.18    27.021203    1299.5271 
   73000    552.90436    887.78651    65724.883   -983813.75     26.13228    1296.9387 
   73500    551.57284    890.01117    62611.213   -983557.07    30.432681    1290.2021 
   74000    544.98074    909.77484    58264.669    -983320.8    23.770351    1282.5466 
   74500    540.36771    936.02615     52064.58   -983120.13    32.597596    1275.3136 
   75000    529.58739    968.16712    47126.521   -983036.94    24.667336     1283.347 
   75500    524.55898    1010.7269    42813.806   -983012.75    28.470627    1279.5787 
   76000    534.25553    1039.6898    40571.272   -983045.35    23.817108     1290.895 
   76500    555.76455    1047.5117    37926.597   -983143.34    25.999977    1294.7983 
   77000     570.2381    1054.1055    35238.242   -983243.38    22.661817    1297.9713 
   77500    602.15673    1066.7556    33001.347   -983373.25    22.932667    1306.1825 
   78000      604.304    1067.5259    29860.244   -983541.03    25.971622    1293.4484 
   78500    616.16525    1049.2654    27172.677   -983728.52    29.395593    1290.6048 
   79000    619.19198    1042.4326    24999.734   -983959.26    25.566605    1273.6356 
   79500    619.69986    1032.1573    24901.923      -984167    26.237037    1270.0078 
   80000    598.00749    1023.5486    25845.943   -984369.96    22.123808     1276.556 
   80500    593.19008     1026.622    27058.553   -984548.94    24.598783    1288.5951 
   81000    597.57718     1028.262    27393.543   -984683.95    22.030699    1294.2524 
   81500    575.01379    1016.2865    27858.937   -984793.15    27.116791    1303.9879 
   82000    568.21671    1014.4591     27183.72   -984889.83    23.169621    1304.4619 
   82500      566.838    1005.7354    26533.658   -984945.35    43.070315    1305.8283 
   83000    572.67174    1007.3713    25658.425   -985004.84    22.901656    1290.2341 
   83500    563.02369    990.02519    24610.179    -985030.4    25.644606     1286.581 
   84000    547.33807    988.73442    23842.606   -985067.55    23.621066    1281.6447 
   84500    534.71722    981.92258    23314.975   -985116.23     19.50763    1276.8454 
   85000    532.52368    975.69378    23384.768   -985106.25    22.508604    1279.7182 
   85500    533.86201    972.95151    23357.039   -985070.96    27.633078    1286.4911 
   86000     537.1981    974.15004    23245.987   -985018.64    22.315396    1287.7741 
   86500    533.35739    966.15589    23177.715   -984938.28    23.396724    1295.5628 
   87000    535.93445    968.20297    23004.491   -984818.76    22.550086    1291.7762 
   87500    539.25885    970.88749    22720.721   -984732.89    23.048605    1290.1019 
   88000    542.50354    962.88819    22518.315   -984653.63    22.240347    1300.2685 
   88500    555.30914    960.51918    21534.019   -984577.48    22.080727    1288.4339 
   89000    565.35183    955.39176     21454.02    -984473.9       20.603    1290.7432 
   89500    557.54655    954.20788    21277.801   -984349.13    23.921987    1300.1824 
   90000     562.8209    953.88668    21380.488   -984198.25    24.608619    1302.7051 
   90500    555.24647    950.00386    21559.961   -984032.22    27.810456    1307.7246 
   91000    565.81639    953.38384    21632.709   -983855.48    26.951299    1313.3399 
   91500    560.02732    954.68727    21469.987   -983662.66    21.638355    1315.1854 
   92000    561.81522    947.80691    21165.001   -983474.95    27.706107    1315.5827 
   92500    575.58208    949.08476    20659.316   -983297.45     19.11854    1316.1504 
   93000    579.88171    950.44356    20147.842   -983129.52    46.310407    1311.5586 
   93500    583.59871    947.48969    19633.897      -982930    22.799964    1308.7645 
   94000    593.02096    946.42899    19631.078   -982711.19    21.961963    1309.5461 
   94500    589.20497    939.45056    19400.618   -982480.29    22.259318    1311.7629 
   95000    584.00264    938.33264    19937.005   -982193.93    27.895003    1318.7674 
   95500    581.77445    935.68588    20098.847   -981936.21    22.669307    1321.4052 
   96000    580.75423    937.59264    20084.893   -981626.42     22.82433      1325.84 
   96500    588.52043    937.87978    19872.636   -981316.78    20.989196    1322.0454 
   97000      581.887    932.39087      19300.2   -980977.62    21.714289    1326.9568 
   97500    594.93354    938.99514    19181.286   -980638.47    22.572414    1328.8716 
   98000    601.27955    941.35313     18675.45   -980304.46    24.055245    1332.5678 
   98500    608.00032    949.63232     18391.03   -979983.95     24.71841     1333.369 
   99000    615.69456    952.30158    18174.078   -979672.74    21.545979    1335.7363 
   99500    612.80498    950.64381    17850.209   -979380.38    22.991622    1334.4689 
  100000    618.69356    956.75532     17763.74   -979085.92    26.845557     1335.688 
  100500    610.45397    962.47445    17423.827   -978800.67    21.104876    1342.1757 
  101000    607.22312    980.32111     16744.97   -978547.73    24.841897    1344.3051 
  101500    596.59659    986.20952    15972.264   -978310.09    23.322215    1342.2829 
  102000    585.56346    980.82578    15349.202   -978127.17    28.210017    1341.5608 
  102500    589.94842    987.02507    14643.769    -977940.7    20.304151    1333.4371 
  103000    583.19665    982.81281    14567.838   -977742.12    23.655488    1343.7205 
  103500    586.94981    976.84775     14631.18   -977524.66    25.050419     1348.753 
  104000    571.59834    982.09822    14751.841   -977320.26    37.837023    1352.4833 
  104500    571.97878    986.03047    14821.143   -977088.53    25.903554    1356.0473 
  105000     568.7752    988.44578    14976.348   -976878.43    22.995499     1363.188 
  105500    570.95599    991.17838    14632.555   -976654.52    20.498095    1360.0703 
  106000    579.27882    990.98881    14371.453   -976424.41    21.368809    1359.2305 
  106500    582.30232    992.63377    14030.698   -976226.19    21.146889    1362.7227 
  107000    577.16993       990.22    13515.573    -976028.4    22.558695     1355.504 
  107500    567.76067    990.62205    13112.842   -975813.24     30.44673    1356.3032 
  108000    572.05457    986.05883    13035.703   -975579.79    27.143592    1355.8682 
  108500    579.16151    996.96364    13081.414   -975319.93    20.557109    1363.9626 
  109000    580.22366    1010.6344    13041.728   -975106.68    21.513584    1370.7706 
  109500    582.95759    1012.7003    12659.882   -974897.91    22.872809    1364.3083 
  110000    603.60636    1021.1362    12324.328   -974715.77    23.530035    1372.0139 
  110500    603.44924    1029.7701    11990.646   -974547.66     25.57593    1383.3565 
  111000    609.19897    1041.3774    11368.961   -974394.21    23.538863    1362.8009 
  111500    607.36463    1053.3047    11059.803   -974268.43    32.999436    1374.7277 
  112000    613.17286    1059.2514    10761.627   -974149.68    20.832929    1378.6942 
  112500    617.27894    1062.5192    10523.417   -974026.95    23.177479    1374.9284 
  113000    611.93737    1052.5872    10311.008   -973918.97    24.896521    1376.6886 
  113500    611.26184    1064.6926     10280.51   -973815.18     24.84234    1373.4309 
  114000    618.24448     1062.125    10138.041    -973697.8    23.112913    1373.5641 
  114500    616.20439    1056.4458    10104.665   -973558.43    26.477089    1382.7376 
  115000    604.28767    1055.2307    9898.7543   -973424.17    26.580534    1377.2734 
  115500    597.74943    1057.2706    9815.0476   -973272.79    26.516051    1379.8457 
  116000    598.69056    1060.1532    9679.0534   -973127.63    27.086771     1374.557 
  116500    577.57156    1061.8494    9809.4484   -972961.73    23.373232    1381.2688 
  117000     570.9637    1055.1536    9642.4783   -972777.93    23.281551    1379.7202 
  117500    577.44305    1047.8617    9548.2081   -972568.98    25.428463    1380.6051 
  118000    563.97603    1060.8499    9566.7743   -972338.51     21.61974    1382.2268 
  118500    554.46832    1050.9859    9535.3288   -972080.44    25.495914     1382.592 
  119000    554.98886    1048.6935     9585.862    -971781.7    23.740402    1396.7178 
  119500     544.1376     1057.197    9505.7677   -971529.23     22.42259    1391.2088 
  120000    541.56317    1060.5419    9389.7155    -971269.7     23.35998    1391.0585 
  120500    541.53359    1057.2604    9224.9906   -970981.86    24.676408    1387.9889 
  121000    544.15672    1059.1695    9096.3188   -970704.89    26.688825     1388.188 
  121500    540.17946     1056.356    9000.9747   -970414.63    23.206801    1390.4938 
  122000    537.86288     1060.706    8874.5501   -970125.12    46.274831    1394.9958 
  122500    527.38081    1064.7115     8639.008   -969845.76    21.647335    1387.4821 
  123000    528.78729    1074.3193    8296.3175   -969585.26     22.86744    1392.4189 
  123500    532.92965    1113.6533    8085.3916   -969354.25    22.937883    1400.2674 
  124000    541.76589    1149.8918    7559.0814   -969178.95    26.694546    1404.3049 
  124500    566.26059    1174.8145    7068.9231   -969124.88    26.960593    1409.2923 
  125000    592.44778     1191.325     6717.281   -969147.35     24.83334    1410.9848 
  125500    626.21888      1207.04    6533.1323   -969246.97    21.682663    1414.7097 
  126000    647.73586    1205.2475    6385.5674   -969371.68    29.787527    1427.4243 
  126500    647.39631     1195.616    6276.9073   -969508.37    23.267796    1425.2141 
  127000    644.46047    1190.8014    6064.4671   -969672.24    28.368625    1413.0293 
  127500    654.51105     1185.136    5924.7445   -969801.12    24.190363    1411.7556 
  128000     638.2605    1181.3195    5815.3522   -969959.31    26.782636    1411.5194 
  128500    621.87332    1177.9841     5796.504   -970105.13     24.32483     1414.656 
  129000     630.5968    1175.8459     5773.692   -970184.57    25.894463    1404.7233 
  129500    610.25088    1167.4759    5912.9017   -970263.63    30.593301    1409.7768 
  130000    618.60975      1170.75    6072.3586   -970347.22    33.119362    1423.3314 
  130500    608.45579    1169.3369    6113.5558   -970429.47    22.436476    1426.2864 
  131000    619.41929    1160.9209    5998.4491   -970478.43    24.223538    1417.5716 
  131500    600.65412    1162.7057    5912.6192   -970479.81     20.64198    1413.2704 
  132000    597.12516    1156.9332    5890.7907   -970508.31    23.237165    1415.3483 
  132500    590.30112    1148.1809    5823.8073   -970522.14    24.576897     1408.674 
  133000    579.32493    1143.7747    5892.0822   -970475.64     23.25825    1408.1783 
  133500    568.30331    1140.2036    6003.4708   -970387.68    22.319635    1416.4025 
  134000    578.94442    1138.2581    6169.8252   -970296.88    21.448237    1421.1306 
  134500    556.27882    1138.8607    6187.4724   -970204.82    24.144225    1422.5733 
  135000    560.44159    1135.6447    6123.9655   -970067.23    25.906865    1423.9236 
  135500    565.79931    1136.1183    6087.9655   -969931.36    29.283349     1423.172 
  136000    573.82249    1131.1076    6009.1085   -969808.54    20.995833    1420.6919 
  136500    565.69626    1123.7849     5993.235   -969679.66    25.974022    1420.8042 
  137000    569.63272    1129.6561    5941.7197   -969526.45    22.619368    1416.2399 
  137500    560.24503    1125.8294    6067.8288   -969366.42    24.430886    1430.7481 
  138000    569.29923    1126.9139    6135.7844   -969199.29    21.403703    1436.9149 
  138500    581.71605     1127.992    6130.0068   -968982.56    24.189173    1430.8229 
  139000    576.44499    1124.4139     6125.692   -968774.69    22.810549    1432.3528 
  139500      575.108    1123.1135    6007.2327   -968547.27    29.144802    1429.6617 
  140000    570.22954    1114.9563    5933.6913   -968307.28    24.178259     1427.809 
  140500    557.73562    1123.5518    5937.5721   -968076.73     26.49259    1428.6891 
  141000    575.35098     1124.465    5892.7382   -967855.72    23.253537    1429.5755 
  141500     588.0977    1130.7941    5935.8111    -967623.2    32.465866    1437.1671 
  142000    595.30661    1131.5108    5947.9816   -967382.51    19.968727    1440.2509 
  142500    600.52124    1132.9687    6013.7187   -967141.02    29.472235    1443.5321 
  143000    595.01383    1139.1307    5926.4635   -966884.77    28.758394    1446.0033 
  143500    605.76585    1138.1682     5914.338   -966631.79     25.12537    1453.1725 
  144000    617.91588     1131.315     5847.996   -966382.32    22.223542    1454.6218 
  144500     627.3081    1139.1348    5775.4097   -966145.04    23.298591    1450.1758 
  145000    608.81487    1137.2004    5687.3213   -965897.13    20.979645    1444.6334 
  145500    608.89764    1138.6692    5633.8909   -965652.88    28.571998    1445.9948 
  146000    608.67292    1143.5128    5617.4995   -965425.85    41.033492    1450.0441 
  146500    602.71849     1148.151    5588.8613   -965180.25    24.356259    1449.5986 
  147000    606.28933    1153.6773    5479.2389   -964950.66    21.680396    1445.8842 
  147500    594.74762    1161.2949    5414.3894   -964703.28    22.910641    1453.6594 
  148000    606.22884    1162.6206    5306.5508   -964477.12    23.059598     1454.849 
  148500    593.27324    1168.5237    5227.7845   -964275.25    25.133682    1456.6914 
  149000    583.62424     1170.137    5168.2951   -964111.42    25.312367    1458.0244 
  149500    579.83076    1176.5241     5119.036   -963938.81     24.16079    1458.2382 
  150000     568.8768    1176.4142    5092.2317   -963766.82    23.864803    1459.5592 
  150500    561.93328    1177.6952    5069.9327   -963573.81    25.508796    1457.7697 
  151000    558.24873    1170.6312    5021.6993   -963344.03    25.187895    1454.2426 
  151500    548.71624    1177.3718    5080.2794   -963122.67    24.914267    1462.6388 
  152000    562.66204    1180.2326    5070.3735   -962905.44    21.396034     1460.745 
  152500    560.65565    1172.4335    5075.8008   -962687.79    21.332076    1473.5316 
  153000    563.79449    1181.2667    5046.4056   -962471.23    24.746257    1471.5319 
  153500    559.65834     1183.813     5012.457   -962243.75    34.331902    1471.9886 
  154000     578.1216    1179.9422    5050.3887   -962012.97    29.248074    1483.3836 
  154500    580.74575    1174.7952     5026.041   -961769.96    22.955149    1478.4443 
  155000    575.03845    1183.0097    5010.8316   -961527.64    36.058209    1477.1299 
  155500    582.52176    1181.9939    4962.4116   -961282.97    26.905903    1474.0198 
  156000    577.78049    1177.7401    4948.9851   -961035.06    23.197067    1479.9703 
  156500    581.02615    1176.1822    4966.3274   -960767.01    22.722099    1483.0111 
  157000    578.09013     1181.027    4923.0807   -960492.33    22.698601    1479.2791 
  157500    594.11677    1183.2342    4908.0991   -960222.42    32.144839    1493.7703 
  158000     588.3457    1189.2328    4853.8939    -959966.6    26.734777      1491.35 
  158500    596.96676    1203.9446    4771.0805   -959727.94    24.530654    1493.8134 
  159000    597.76499    1214.8202    4679.2161   -959498.02    25.803896    1491.3063 
  159500     606.5665    1214.7354     4622.588   -959267.17    28.859963    1500.1852 
  160000    617.04571    1228.1055     4496.394   -959063.49    24.845064    1491.5795 
  160500    621.17819    1226.5423    4397.2871   -958877.53    25.055655      1484.28 
  161000     621.1158    1228.6139     4309.696   -958709.68    26.553809    1491.4497 
  161500    622.84347    1239.0552    4277.9797   -958522.89    26.864679     1492.353 
  162000    615.77191    1236.7961     4243.098   -958329.67    25.390143    1499.9154 
  162500    609.01833    1237.1825    4162.1284   -958147.99    24.156561    1497.6631 
  163000    622.61029    1247.7858    4059.5522   -957997.61    25.543172     1489.902 
  163500     607.5183    1238.4874    3996.0954   -957859.53    32.012839    1496.9312 
  164000    605.95963    1247.1382    3950.5412   -957704.44    24.186249    1494.1047 
  164500    604.24417    1250.0941     3873.212   -957567.28     26.70067    1487.3823 
  165000    608.71638     1243.232    3842.9065   -957401.25    23.923238    1491.0491 
  165500    592.36666    1246.0255      3827.57   -957238.56    26.046711    1486.2207 
  166000    583.12049    1253.7958    3814.7142   -957077.52    34.476055    1491.9851 
  166500    574.15621     1254.035    3782.7888   -956896.48    25.674896    1493.4198 
  167000    569.68227    1268.5677    3648.4204   -956732.83    23.451189    1485.4184 
  167500    576.53278    1264.0239    3532.5039   -956550.26    24.882844    1480.6541 
  168000    585.43918    1268.1279     3512.087   -956384.22    27.162719    1486.6212 
  168500    572.80587     1267.402    3442.2978   -956237.71    20.317911    1488.7364 
  169000    576.98191    1273.4808    3391.0471   -956086.72    24.216192    1486.9415 
  169500    581.78983    1278.1632    3329.5821   -955987.21    23.787122    1486.5568 
